<?xml version="1.0" encoding="UTF-8"?>
<!-- Generated by org.testng.reporters.JUnitReportReporter -->
<testsuite skipped="0" hostname="MavericSystems" name="com.internetapp.tests.a_Elements" tests="2" failures="0" timestamp="2020-07-12T12:14:04 IST" time="184.529" errors="0">
  <testcase name="Test4" time="94.405" classname="com.internetapp.tests.a_Elements"/>
  <system-out>
12-Jul-2020 12:12:39 PM : <a target=_blank href=screenshots/screenshot_20.png>login  </a> 12-Jul-2020 12:12:39 PM : sample log 12-Jul-2020 12:12:44 PM : <a target=_blank href=screenshots/screenshot_21.png>scrollDown successful  </a> 12-Jul-2020 12:12:44 PM : <a target=_blank href=screenshots/screenshot_22.png>clicking successful  </a> 12-Jul-2020 12:13:09 PM : <a target=_blank href=screenshots/screenshot_23.png>clicking successful  </a> 12-Jul-2020 12:13:09 PM : <a target=_blank href=screenshots/screenshot_24.png>scrollDown successful  </a> 12-Jul-2020 12:13:10 PM : <a target=_blank href=screenshots/screenshot_25.png>clicking successful  </a> 12-Jul-2020 12:13:11 PM : <a target=_blank href=screenshots/screenshot_26.png>clicking successful  </a> 12-Jul-2020 12:13:19 PM : <a target=_blank href=screenshots/screenshot_27.png>clicking successful  </a> 12-Jul-2020 12:13:25 PM : <a target=_blank href=screenshots/screenshot_28.png>clicking successful  </a> 12-Jul-2020 12:13:32 PM : <a target=_blank href=screenshots/screenshot_29.png>clicking successful  </a> 12-Jul-2020 12:13:37 PM : <a target=_blank href=screenshots/screenshot_30.png>clicking successful  </a> 12-Jul-2020 12:13:44 PM : <a target=_blank href=screenshots/screenshot_31.png>clicking successful  </a> 12-Jul-2020 12:13:51 PM : <a target=_blank href=screenshots/screenshot_32.png>clicking successful  </a> 12-Jul-2020 12:13:55 PM : <a target=_blank href=screenshots/screenshot_33.png>clicking successful  </a> 12-Jul-2020 12:14:01 PM : <a target=_blank href=screenshots/screenshot_34.png>clicking successful  </a>  </system-out>
  <testcase name="Test1" time="90.124" classname="com.internetapp.tests.a_Elements"/>
  <system-out>
12-Jul-2020 12:11:13 PM : <a target=_blank href=screenshots/screenshot_1.png>login  </a> 12-Jul-2020 12:11:13 PM : sample log 12-Jul-2020 12:11:28 PM : <a target=_blank href=screenshots/screenshot_2.png>Texted successful  </a> 12-Jul-2020 12:11:29 PM : <a target=_blank href=screenshots/screenshot_3.png>TextBox successful  </a> 12-Jul-2020 12:11:33 PM : <a target=_blank href=screenshots/screenshot_4.png>CheckBox successful  </a> 12-Jul-2020 12:11:34 PM : <a target=_blank href=screenshots/screenshot_5.png>RadioButton successful  </a> 12-Jul-2020 12:11:35 PM : <a target=_blank href=screenshots/screenshot_6.png>webTables successful  </a> 12-Jul-2020 12:11:39 PM : <a target=_blank href=screenshots/screenshot_7.png>webTables amned successful  </a> 12-Jul-2020 12:11:46 PM : <a target=_blank href=screenshots/screenshot_8.png>webTables amned successful  </a> 12-Jul-2020 12:11:46 PM : <a target=_blank href=screenshots/screenshot_9.png>visible  </a> 12-Jul-2020 12:11:47 PM : <a target=_blank href=screenshots/screenshot_10.png>webTables successful  </a> 12-Jul-2020 12:11:51 PM : <a target=_blank href=screenshots/screenshot_11.png>clicking successful  </a> 12-Jul-2020 12:11:51 PM : <a target=_blank href=screenshots/screenshot_12.png>clicking successful  </a> 12-Jul-2020 12:11:51 PM : <a target=_blank href=screenshots/screenshot_13.png>clicking successful  </a> 12-Jul-2020 12:11:57 PM : <a target=_blank href=screenshots/screenshot_14.png>clicking successful  </a> 12-Jul-2020 12:12:09 PM : <a target=_blank href=screenshots/screenshot_15.png>visible  </a> 12-Jul-2020 12:12:10 PM : <a target=_blank href=screenshots/screenshot_16.png>clicking successful  </a> 12-Jul-2020 12:12:23 PM : <a target=_blank href=screenshots/screenshot_17.png>Texted successful  </a> 12-Jul-2020 12:12:23 PM : <a target=_blank href=screenshots/screenshot_18.png>TextBox successful  </a> 12-Jul-2020 12:12:26 PM : <a target=_blank href=screenshots/screenshot_19.png>visible  </a>  </system-out>
</testsuite> <!-- com.internetapp.tests.a_Elements -->
