<?xml version="1.0" encoding="UTF-8"?>
<!-- Generated by org.testng.reporters.JUnitReportReporter -->
<testsuite skipped="0" hostname="MavericSystems" name="com.internetapp.tests.Login" tests="2" failures="0" timestamp="2020-07-06T02:17:39 IST" time="32.197" errors="0">
  <testcase name="verifyLoginWithInvalidCredentials" time="16.571" classname="com.internetapp.tests.Login"/>
  <system-out>
06-Jul-2020 02:17:15 AM : <a target=_blank href=screenshots/screenshot_1.png>login  </a> 06-Jul-2020 02:17:15 AM : sample log 06-Jul-2020 02:17:17 AM : <a target=_blank href=screenshots/screenshot_2.png>login successful  </a> 06-Jul-2020 02:17:18 AM : <a target=_blank href=screenshots/screenshot_3.png>assert  </a>  </system-out>
  <testcase name="verifyLoginWithValidCredentials" time="15.626" classname="com.internetapp.tests.Login"/>
  <system-out>
06-Jul-2020 02:17:32 AM : <a target=_blank href=screenshots/screenshot_4.png>login  </a> 06-Jul-2020 02:17:32 AM : sample log 06-Jul-2020 02:17:35 AM : <a target=_blank href=screenshots/screenshot_5.png>login successful  </a> 06-Jul-2020 02:17:35 AM : <a target=_blank href=screenshots/screenshot_6.png>assert  </a> 06-Jul-2020 02:17:37 AM : <a target=_blank href=screenshots/screenshot_7.png>logout  </a>  </system-out>
</testsuite> <!-- com.internetapp.tests.Login -->
