<?xml version="1.0" encoding="UTF-8"?>
<!-- Generated by org.testng.reporters.JUnitReportReporter -->
<testsuite skipped="0" hostname="MavericSystems" name="com.internetapp.tests.annotations.TestNG_MethodClassAnnotations" tests="2" failures="0" timestamp="2020-06-20T16:46:52 IST" time="0.015" errors="0">
  <testcase name="testMethod1" time="0.010" classname="com.internetapp.tests.annotations.TestNG_MethodClassAnnotations"/>
  <system-out/>
  <testcase name="testMethod2" time="0.005" classname="com.internetapp.tests.annotations.TestNG_MethodClassAnnotations"/>
  <system-out/>
</testsuite> <!-- com.internetapp.tests.annotations.TestNG_MethodClassAnnotations -->
